e:\project 2019\doan_ctdl\doan2\x64\release\vc142.pdb
e:\project 2019\doan_ctdl\doan2\x64\release\main.obj
e:\project 2019\doan_ctdl\doan2\x64\release\function.obj
e:\project 2019\doan_ctdl\doan2\x64\release\menu.obj
e:\project 2019\doan_ctdl\doan2\x64\release\huffmantree.obj
e:\project 2019\doan_ctdl\doan2\x64\release\huffmancode.obj
e:\project 2019\doan_ctdl\doan2\x64\release\compressextractfolder.obj
e:\project 2019\doan_ctdl\doan2\x64\release\compressextractfile.obj
e:\project 2019\doan_ctdl\x64\release\doan2.ipdb
e:\project 2019\doan_ctdl\x64\release\doan2.iobj
e:\project 2019\doan_ctdl\x64\release\doan2.exe
e:\project 2019\doan_ctdl\x64\release\doan2.pdb
e:\project 2019\doan_ctdl\doan2\x64\release\doan2.tlog\cl.command.1.tlog
e:\project 2019\doan_ctdl\doan2\x64\release\doan2.tlog\cl.read.1.tlog
e:\project 2019\doan_ctdl\doan2\x64\release\doan2.tlog\cl.write.1.tlog
e:\project 2019\doan_ctdl\doan2\x64\release\doan2.tlog\doan2.write.1u.tlog
e:\project 2019\doan_ctdl\doan2\x64\release\doan2.tlog\link.command.1.tlog
e:\project 2019\doan_ctdl\doan2\x64\release\doan2.tlog\link.delete.1.tlog
e:\project 2019\doan_ctdl\doan2\x64\release\doan2.tlog\link.read.1.tlog
e:\project 2019\doan_ctdl\doan2\x64\release\doan2.tlog\link.write.1.tlog
